Streaming transaction logs mentioning 6vSPYSZAMiHS4M9SKczzWCFmD1qR1wcPME28c7Xm6Ery. Confirmed commitment
Transaction executed in slot 15:
  Signature: 3GCVpS7r6cMqM3z2psn2vdmaqjsyxCsSpbteVjqGppz8yDMztYAbnfdic2gWQrB8VWjTaj8Cy1XYDgdAxn1B85gm
  Status: Ok
  Log Messages:
    Program 6vSPYSZAMiHS4M9SKczzWCFmD1qR1wcPME28c7Xm6Ery invoke [1]
    Program log: Instruction: Initialize
    Program 11111111111111111111111111111111 invoke [2]
    Program 11111111111111111111111111111111 success
    Program ATokenGPvbdGVxr1b2hvZbsiqW5xWH25efTNsLJA8knL invoke [2]
    Program log: Create
    Program TokenkegQfeZyiNwAJbNbGKPFXCWuBvf9Ss623VQ5DA invoke [3]
    Program log: Instruction: GetAccountDataSize
    Program TokenkegQfeZyiNwAJbNbGKPFXCWuBvf9Ss623VQ5DA consumed 1595 of 178819 compute units
    Program return: TokenkegQfeZyiNwAJbNbGKPFXCWuBvf9Ss623VQ5DA pQAAAAAAAAA=
    Program TokenkegQfeZyiNwAJbNbGKPFXCWuBvf9Ss623VQ5DA success
    Program 11111111111111111111111111111111 invoke [3]
    Program 11111111111111111111111111111111 success
    Program log: Initialize the associated token account
    Program TokenkegQfeZyiNwAJbNbGKPFXCWuBvf9Ss623VQ5DA invoke [3]
    Program log: Instruction: InitializeImmutableOwner
    Program log: Please upgrade to SPL Token 2022 for immutable owner support
    Program TokenkegQfeZyiNwAJbNbGKPFXCWuBvf9Ss623VQ5DA consumed 1405 of 172314 compute units
    Program TokenkegQfeZyiNwAJbNbGKPFXCWuBvf9Ss623VQ5DA success
    Program TokenkegQfeZyiNwAJbNbGKPFXCWuBvf9Ss623VQ5DA invoke [3]
    Program log: Instruction: InitializeAccount3
    Program TokenkegQfeZyiNwAJbNbGKPFXCWuBvf9Ss623VQ5DA consumed 4214 of 168483 compute units
    Program TokenkegQfeZyiNwAJbNbGKPFXCWuBvf9Ss623VQ5DA success
    Program ATokenGPvbdGVxr1b2hvZbsiqW5xWH25efTNsLJA8knL consumed 21775 of 185740 compute units
    Program ATokenGPvbdGVxr1b2hvZbsiqW5xWH25efTNsLJA8knL success
    Program 6vSPYSZAMiHS4M9SKczzWCFmD1qR1wcPME28c7Xm6Ery consumed 38515 of 200000 compute units
    Program 6vSPYSZAMiHS4M9SKczzWCFmD1qR1wcPME28c7Xm6Ery success
Transaction executed in slot 16:
  Signature: 3GCVpS7r6cMqM3z2psn2vdmaqjsyxCsSpbteVjqGppz8yDMztYAbnfdic2gWQrB8VWjTaj8Cy1XYDgdAxn1B85gm
  Status: Ok
  Log Messages:
    Program 6vSPYSZAMiHS4M9SKczzWCFmD1qR1wcPME28c7Xm6Ery invoke [1]
    Program log: Instruction: Initialize
    Program 11111111111111111111111111111111 invoke [2]
    Program 11111111111111111111111111111111 success
    Program ATokenGPvbdGVxr1b2hvZbsiqW5xWH25efTNsLJA8knL invoke [2]
    Program log: Create
    Program TokenkegQfeZyiNwAJbNbGKPFXCWuBvf9Ss623VQ5DA invoke [3]
    Program log: Instruction: GetAccountDataSize
    Program TokenkegQfeZyiNwAJbNbGKPFXCWuBvf9Ss623VQ5DA consumed 1595 of 178819 compute units
    Program return: TokenkegQfeZyiNwAJbNbGKPFXCWuBvf9Ss623VQ5DA pQAAAAAAAAA=
    Program TokenkegQfeZyiNwAJbNbGKPFXCWuBvf9Ss623VQ5DA success
    Program 11111111111111111111111111111111 invoke [3]
    Program 11111111111111111111111111111111 success
    Program log: Initialize the associated token account
    Program TokenkegQfeZyiNwAJbNbGKPFXCWuBvf9Ss623VQ5DA invoke [3]
    Program log: Instruction: InitializeImmutableOwner
    Program log: Please upgrade to SPL Token 2022 for immutable owner support
    Program TokenkegQfeZyiNwAJbNbGKPFXCWuBvf9Ss623VQ5DA consumed 1405 of 172314 compute units
    Program TokenkegQfeZyiNwAJbNbGKPFXCWuBvf9Ss623VQ5DA success
    Program TokenkegQfeZyiNwAJbNbGKPFXCWuBvf9Ss623VQ5DA invoke [3]
    Program log: Instruction: InitializeAccount3
    Program TokenkegQfeZyiNwAJbNbGKPFXCWuBvf9Ss623VQ5DA consumed 4214 of 168483 compute units
    Program TokenkegQfeZyiNwAJbNbGKPFXCWuBvf9Ss623VQ5DA success
    Program ATokenGPvbdGVxr1b2hvZbsiqW5xWH25efTNsLJA8knL consumed 21775 of 185740 compute units
    Program ATokenGPvbdGVxr1b2hvZbsiqW5xWH25efTNsLJA8knL success
    Program 6vSPYSZAMiHS4M9SKczzWCFmD1qR1wcPME28c7Xm6Ery consumed 38515 of 200000 compute units
    Program 6vSPYSZAMiHS4M9SKczzWCFmD1qR1wcPME28c7Xm6Ery success
Transaction executed in slot 16:
  Signature: HREbETsTd2eqQcKJVyCFFddaMoPo9JjxZXsSHzF8qWRTY9wpDvYNGuVhZU9WhWV3n3F1fa77kG9Do9aib8FnzWk
  Status: Ok
  Log Messages:
    Program 6vSPYSZAMiHS4M9SKczzWCFmD1qR1wcPME28c7Xm6Ery invoke [1]
    Program log: Instruction: UpdateConfig
    Program 6vSPYSZAMiHS4M9SKczzWCFmD1qR1wcPME28c7Xm6Ery consumed 4035 of 200000 compute units
    Program 6vSPYSZAMiHS4M9SKczzWCFmD1qR1wcPME28c7Xm6Ery success
Transaction executed in slot 17:
  Signature: HREbETsTd2eqQcKJVyCFFddaMoPo9JjxZXsSHzF8qWRTY9wpDvYNGuVhZU9WhWV3n3F1fa77kG9Do9aib8FnzWk
  Status: Ok
  Log Messages:
    Program 6vSPYSZAMiHS4M9SKczzWCFmD1qR1wcPME28c7Xm6Ery invoke [1]
    Program log: Instruction: UpdateConfig
    Program 6vSPYSZAMiHS4M9SKczzWCFmD1qR1wcPME28c7Xm6Ery consumed 4035 of 200000 compute units
    Program 6vSPYSZAMiHS4M9SKczzWCFmD1qR1wcPME28c7Xm6Ery success
Transaction executed in slot 17:
  Signature: 4byPQgrs2er7A4839V4yGhEDgMNmX4sSfHpM53BaLcH1a2JHZjAc1hBmejHbFvg9sA5zdqHGAC2HTECfp5WrmaXF
  Status: Ok
  Log Messages:
    Program 6vSPYSZAMiHS4M9SKczzWCFmD1qR1wcPME28c7Xm6Ery invoke [1]
    Program log: Instruction: UpdateConfig
    Program 6vSPYSZAMiHS4M9SKczzWCFmD1qR1wcPME28c7Xm6Ery consumed 4037 of 200000 compute units
    Program 6vSPYSZAMiHS4M9SKczzWCFmD1qR1wcPME28c7Xm6Ery success
Transaction executed in slot 18:
  Signature: 4byPQgrs2er7A4839V4yGhEDgMNmX4sSfHpM53BaLcH1a2JHZjAc1hBmejHbFvg9sA5zdqHGAC2HTECfp5WrmaXF
  Status: Ok
  Log Messages:
    Program 6vSPYSZAMiHS4M9SKczzWCFmD1qR1wcPME28c7Xm6Ery invoke [1]
    Program log: Instruction: UpdateConfig
    Program 6vSPYSZAMiHS4M9SKczzWCFmD1qR1wcPME28c7Xm6Ery consumed 4037 of 200000 compute units
    Program 6vSPYSZAMiHS4M9SKczzWCFmD1qR1wcPME28c7Xm6Ery success
Transaction executed in slot 18:
  Signature: s7mKFugG5zp6BaGxhKh5kaGPeXKDSmFaHjBLzbRtArbpTX1XhXbAXx7yGRiU7RDvMojxYcPEjhEmnN134t7uTFS
  Status: Error processing Instruction 0: custom program error: 0x177c
  Log Messages:
    Program 6vSPYSZAMiHS4M9SKczzWCFmD1qR1wcPME28c7Xm6Ery invoke [1]
    Program log: Instruction: UpdateConfig
    Program log: AnchorError caused by account: game_state. Error Code: Unauthorized. Error Number: 6012. Error Message: Unauthorized.
    Program 6vSPYSZAMiHS4M9SKczzWCFmD1qR1wcPME28c7Xm6Ery consumed 4388 of 200000 compute units
    Program 6vSPYSZAMiHS4M9SKczzWCFmD1qR1wcPME28c7Xm6Ery failed: custom program error: 0x177c
Transaction executed in slot 18:
  Signature: 5wvUXHqLbQLMe474H9jKdQ69kyowe93qoipwG7r5fgztNxxf8cdBn4iKid2UGkBDYur7M12F1LGVmnXe7PfDzNUN
  Status: Ok
  Log Messages:
    Program 6vSPYSZAMiHS4M9SKczzWCFmD1qR1wcPME28c7Xm6Ery invoke [1]
    Program log: Instruction: PlaceThroneBid
    Program TokenkegQfeZyiNwAJbNbGKPFXCWuBvf9Ss623VQ5DA invoke [2]
    Program log: Instruction: Transfer
    Program TokenkegQfeZyiNwAJbNbGKPFXCWuBvf9Ss623VQ5DA consumed 4645 of 189022 compute units
    Program TokenkegQfeZyiNwAJbNbGKPFXCWuBvf9Ss623VQ5DA success
    Program TokenkegQfeZyiNwAJbNbGKPFXCWuBvf9Ss623VQ5DA invoke [2]
    Program log: Instruction: Burn
    Program TokenkegQfeZyiNwAJbNbGKPFXCWuBvf9Ss623VQ5DA consumed 4707 of 182607 compute units
    Program TokenkegQfeZyiNwAJbNbGKPFXCWuBvf9Ss623VQ5DA success
    Program TokenkegQfeZyiNwAJbNbGKPFXCWuBvf9Ss623VQ5DA invoke [2]
    Program log: Instruction: Transfer
    Program TokenkegQfeZyiNwAJbNbGKPFXCWuBvf9Ss623VQ5DA consumed 4645 of 176128 compute units
    Program TokenkegQfeZyiNwAJbNbGKPFXCWuBvf9Ss623VQ5DA success
    Program 6vSPYSZAMiHS4M9SKczzWCFmD1qR1wcPME28c7Xm6Ery consumed 30011 of 200000 compute units
    Program 6vSPYSZAMiHS4M9SKczzWCFmD1qR1wcPME28c7Xm6Ery success
Transaction executed in slot 19:
  Signature: 5wvUXHqLbQLMe474H9jKdQ69kyowe93qoipwG7r5fgztNxxf8cdBn4iKid2UGkBDYur7M12F1LGVmnXe7PfDzNUN
  Status: Ok
  Log Messages:
    Program 6vSPYSZAMiHS4M9SKczzWCFmD1qR1wcPME28c7Xm6Ery invoke [1]
    Program log: Instruction: PlaceThroneBid
    Program TokenkegQfeZyiNwAJbNbGKPFXCWuBvf9Ss623VQ5DA invoke [2]
    Program log: Instruction: Transfer
    Program TokenkegQfeZyiNwAJbNbGKPFXCWuBvf9Ss623VQ5DA consumed 4645 of 189022 compute units
    Program TokenkegQfeZyiNwAJbNbGKPFXCWuBvf9Ss623VQ5DA success
    Program TokenkegQfeZyiNwAJbNbGKPFXCWuBvf9Ss623VQ5DA invoke [2]
    Program log: Instruction: Burn
    Program TokenkegQfeZyiNwAJbNbGKPFXCWuBvf9Ss623VQ5DA consumed 4707 of 182607 compute units
    Program TokenkegQfeZyiNwAJbNbGKPFXCWuBvf9Ss623VQ5DA success
    Program TokenkegQfeZyiNwAJbNbGKPFXCWuBvf9Ss623VQ5DA invoke [2]
    Program log: Instruction: Transfer
    Program TokenkegQfeZyiNwAJbNbGKPFXCWuBvf9Ss623VQ5DA consumed 4645 of 176128 compute units
    Program TokenkegQfeZyiNwAJbNbGKPFXCWuBvf9Ss623VQ5DA success
    Program 6vSPYSZAMiHS4M9SKczzWCFmD1qR1wcPME28c7Xm6Ery consumed 30011 of 200000 compute units
    Program 6vSPYSZAMiHS4M9SKczzWCFmD1qR1wcPME28c7Xm6Ery success
Transaction executed in slot 19:
  Signature: 7sw8EZpTNwnu9Wrs8GeDKHXRzpvBtxp7oWMpx8dkiErT9VoY3dgMrTRoGMbrbkBozuuqyMxBmdVjgXKTFSgh3E6
  Status: Ok
  Log Messages:
    Program 6vSPYSZAMiHS4M9SKczzWCFmD1qR1wcPME28c7Xm6Ery invoke [1]
    Program log: Instruction: PlaceThroneBid
    Program TokenkegQfeZyiNwAJbNbGKPFXCWuBvf9Ss623VQ5DA invoke [2]
    Program log: Instruction: Transfer
    Program TokenkegQfeZyiNwAJbNbGKPFXCWuBvf9Ss623VQ5DA consumed 4645 of 188849 compute units
    Program TokenkegQfeZyiNwAJbNbGKPFXCWuBvf9Ss623VQ5DA success
    Program TokenkegQfeZyiNwAJbNbGKPFXCWuBvf9Ss623VQ5DA invoke [2]
    Program log: Instruction: Burn
    Program TokenkegQfeZyiNwAJbNbGKPFXCWuBvf9Ss623VQ5DA consumed 4707 of 182434 compute units
    Program TokenkegQfeZyiNwAJbNbGKPFXCWuBvf9Ss623VQ5DA success
    Program TokenkegQfeZyiNwAJbNbGKPFXCWuBvf9Ss623VQ5DA invoke [2]
    Program log: Instruction: Transfer
    Program TokenkegQfeZyiNwAJbNbGKPFXCWuBvf9Ss623VQ5DA consumed 4645 of 175955 compute units
    Program TokenkegQfeZyiNwAJbNbGKPFXCWuBvf9Ss623VQ5DA success
    Program 6vSPYSZAMiHS4M9SKczzWCFmD1qR1wcPME28c7Xm6Ery consumed 30184 of 200000 compute units
    Program 6vSPYSZAMiHS4M9SKczzWCFmD1qR1wcPME28c7Xm6Ery success
Transaction executed in slot 20:
  Signature: 7sw8EZpTNwnu9Wrs8GeDKHXRzpvBtxp7oWMpx8dkiErT9VoY3dgMrTRoGMbrbkBozuuqyMxBmdVjgXKTFSgh3E6
  Status: Ok
  Log Messages:
    Program 6vSPYSZAMiHS4M9SKczzWCFmD1qR1wcPME28c7Xm6Ery invoke [1]
    Program log: Instruction: PlaceThroneBid
    Program TokenkegQfeZyiNwAJbNbGKPFXCWuBvf9Ss623VQ5DA invoke [2]
    Program log: Instruction: Transfer
    Program TokenkegQfeZyiNwAJbNbGKPFXCWuBvf9Ss623VQ5DA consumed 4645 of 188849 compute units
    Program TokenkegQfeZyiNwAJbNbGKPFXCWuBvf9Ss623VQ5DA success
    Program TokenkegQfeZyiNwAJbNbGKPFXCWuBvf9Ss623VQ5DA invoke [2]
    Program log: Instruction: Burn
    Program TokenkegQfeZyiNwAJbNbGKPFXCWuBvf9Ss623VQ5DA consumed 4707 of 182434 compute units
    Program TokenkegQfeZyiNwAJbNbGKPFXCWuBvf9Ss623VQ5DA success
    Program TokenkegQfeZyiNwAJbNbGKPFXCWuBvf9Ss623VQ5DA invoke [2]
    Program log: Instruction: Transfer
    Program TokenkegQfeZyiNwAJbNbGKPFXCWuBvf9Ss623VQ5DA consumed 4645 of 175955 compute units
    Program TokenkegQfeZyiNwAJbNbGKPFXCWuBvf9Ss623VQ5DA success
    Program 6vSPYSZAMiHS4M9SKczzWCFmD1qR1wcPME28c7Xm6Ery consumed 30184 of 200000 compute units
    Program 6vSPYSZAMiHS4M9SKczzWCFmD1qR1wcPME28c7Xm6Ery success
Transaction executed in slot 20:
  Signature: 5Dkw4pva9Fc5yxKz6U8TxeibLd41Z9YJrjA47iNa26aZabZJwSvwUDiwepMb885YogYPgv8fvcQumyDNo9LLW4gf
  Status: Ok
  Log Messages:
    Program 6vSPYSZAMiHS4M9SKczzWCFmD1qR1wcPME28c7Xm6Ery invoke [1]
    Program log: Instruction: UpdateConfig
    Program 6vSPYSZAMiHS4M9SKczzWCFmD1qR1wcPME28c7Xm6Ery consumed 4035 of 200000 compute units
    Program 6vSPYSZAMiHS4M9SKczzWCFmD1qR1wcPME28c7Xm6Ery success
Transaction executed in slot 21:
  Signature: 5Dkw4pva9Fc5yxKz6U8TxeibLd41Z9YJrjA47iNa26aZabZJwSvwUDiwepMb885YogYPgv8fvcQumyDNo9LLW4gf
  Status: Ok
  Log Messages:
    Program 6vSPYSZAMiHS4M9SKczzWCFmD1qR1wcPME28c7Xm6Ery invoke [1]
    Program log: Instruction: UpdateConfig
    Program 6vSPYSZAMiHS4M9SKczzWCFmD1qR1wcPME28c7Xm6Ery consumed 4035 of 200000 compute units
    Program 6vSPYSZAMiHS4M9SKczzWCFmD1qR1wcPME28c7Xm6Ery success
Transaction executed in slot 22:
  Signature: 5yPoLXfHWcJAHAajkmYSEEemYmt96Ta54NDbHRJLjsjTr7ptKQYo1d1G2gFtveqxY8ga5Di4psUnFfg4He1bmu38
  Status: Ok
  Log Messages:
    Program 6vSPYSZAMiHS4M9SKczzWCFmD1qR1wcPME28c7Xm6Ery invoke [1]
    Program log: Instruction: UpdateConfig
    Program 6vSPYSZAMiHS4M9SKczzWCFmD1qR1wcPME28c7Xm6Ery consumed 4037 of 200000 compute units
    Program 6vSPYSZAMiHS4M9SKczzWCFmD1qR1wcPME28c7Xm6Ery success
Transaction executed in slot 22:
  Signature: 2xb9cyMojPGB2cRFFGtD7h949TKRAcGAWTuz3AZY4Y6NK5kWMDx3BX8yQvAdBU2crt2QBy9F37TYqpyRnWqa5c7
  Status: Error processing Instruction 0: custom program error: 0x1773
  Log Messages:
    Program 6vSPYSZAMiHS4M9SKczzWCFmD1qR1wcPME28c7Xm6Ery invoke [1]
    Program log: Instruction: FinalizeKingElection
    Program log: AnchorError thrown in programs/hot_crown/src/instructions/finalize_king_election.rs:47. Error Code: BiddingNotExpired. Error Number: 6003. Error Message: Bidding timer has not expired yet.
    Program 6vSPYSZAMiHS4M9SKczzWCFmD1qR1wcPME28c7Xm6Ery consumed 9820 of 200000 compute units
    Program 6vSPYSZAMiHS4M9SKczzWCFmD1qR1wcPME28c7Xm6Ery failed: custom program error: 0x1773
Transaction executed in slot 29:
  Signature: 3TWG1fvuyTTtEM9gcttEzNu8NFNu18Nsc79654GMKAtHSRZuHNGQao2zvAvPsCpJ51mWfmAJufAx1C26bLBy4K7s
  Status: Ok
  Log Messages:
    Program 6vSPYSZAMiHS4M9SKczzWCFmD1qR1wcPME28c7Xm6Ery invoke [1]
    Program log: Instruction: FinalizeKingElection
    Program TokenkegQfeZyiNwAJbNbGKPFXCWuBvf9Ss623VQ5DA invoke [2]
    Program log: Instruction: Transfer
    Program TokenkegQfeZyiNwAJbNbGKPFXCWuBvf9Ss623VQ5DA consumed 4645 of 190311 compute units
    Program TokenkegQfeZyiNwAJbNbGKPFXCWuBvf9Ss623VQ5DA success
    Program 6vSPYSZAMiHS4M9SKczzWCFmD1qR1wcPME28c7Xm6Ery consumed 15569 of 200000 compute units
    Program 6vSPYSZAMiHS4M9SKczzWCFmD1qR1wcPME28c7Xm6Ery success
Transaction executed in slot 29:
  Signature: 5CvwMncWow5GshVNrXhQzgsXPtssk9wn12A2dxuKaepCrB32LLMHC5P4wyi4Dc8YNJPNzWgNcESR2fbud91QfCTx
  Status: Error processing Instruction 0: custom program error: 0x1771
  Log Messages:
    Program 6vSPYSZAMiHS4M9SKczzWCFmD1qR1wcPME28c7Xm6Ery invoke [1]
    Program log: Instruction: PlaceThroneBid
    Program log: AnchorError thrown in programs/hot_crown/src/instructions/place_throne_bid.rs:59. Error Code: InvalidPhase. Error Number: 6001. Error Message: Invalid game phase for this action.
    Program 6vSPYSZAMiHS4M9SKczzWCFmD1qR1wcPME28c7Xm6Ery consumed 11085 of 200000 compute units
    Program 6vSPYSZAMiHS4M9SKczzWCFmD1qR1wcPME28c7Xm6Ery failed: custom program error: 0x1771
Transaction executed in slot 29:
  Signature: 38CNctj2xNJ7CVTzbFmkwLPjuYZZcJEfnPSUy5wa11k7CuT3sReFQMop76FDofVq1QizJsV5qjtpM8spQjHThsU6
  Status: Error processing Instruction 0: custom program error: 0x177b
  Log Messages:
    Program 6vSPYSZAMiHS4M9SKczzWCFmD1qR1wcPME28c7Xm6Ery invoke [1]
    Program log: Instruction: Defend
    Program log: AnchorError thrown in programs/hot_crown/src/instructions/defend.rs:56. Error Code: NoAttackYet. Error Number: 6011. Error Message: Cannot defend before first attack.
    Program 6vSPYSZAMiHS4M9SKczzWCFmD1qR1wcPME28c7Xm6Ery consumed 11097 of 200000 compute units
    Program 6vSPYSZAMiHS4M9SKczzWCFmD1qR1wcPME28c7Xm6Ery failed: custom program error: 0x177b
Transaction executed in slot 29:
  Signature: qJqRF8jLU3m1rVX15NLBVUf5MUtxKYp3M5t4GZ2hTXNV2z5ybtTnSGTsa6nV7qUfbHnK7vtUG26qSdmpDtvLAr1
  Status: Error processing Instruction 0: custom program error: 0x1779
  Log Messages:
    Program 6vSPYSZAMiHS4M9SKczzWCFmD1qR1wcPME28c7Xm6Ery invoke [1]
    Program log: Instruction: Attack
    Program log: AnchorError thrown in programs/hot_crown/src/helpers.rs:23. Error Code: InvalidSoldierCount. Error Number: 6009. Error Message: Soldiers per action must be between 1 and 10.
    Program 6vSPYSZAMiHS4M9SKczzWCFmD1qR1wcPME28c7Xm6Ery consumed 11115 of 200000 compute units
    Program 6vSPYSZAMiHS4M9SKczzWCFmD1qR1wcPME28c7Xm6Ery failed: custom program error: 0x1779
Transaction executed in slot 29:
  Signature: 56Y6UYnjdfXwCzi5RKc959xmSt8uQaUxv1NEmew8NaJpAqzqeMK9R9ArAC61F1N7pwvWbPxdJjSj7vmcYp6Ap9ou
  Status: Error processing Instruction 0: custom program error: 0x1779
  Log Messages:
    Program 6vSPYSZAMiHS4M9SKczzWCFmD1qR1wcPME28c7Xm6Ery invoke [1]
    Program log: Instruction: Attack
    Program log: AnchorError thrown in programs/hot_crown/src/helpers.rs:23. Error Code: InvalidSoldierCount. Error Number: 6009. Error Message: Soldiers per action must be between 1 and 10.
    Program 6vSPYSZAMiHS4M9SKczzWCFmD1qR1wcPME28c7Xm6Ery consumed 11115 of 200000 compute units
    Program 6vSPYSZAMiHS4M9SKczzWCFmD1qR1wcPME28c7Xm6Ery failed: custom program error: 0x1779
Transaction executed in slot 29:
  Signature: 5qSY8bBC4FQSFAQZcJtic8DpejfuzRCh3N3hwSx5bxkiX9K5VqjvpnEpWw6KCufU9e58qqkKzyejbit1MAJobbYp
  Status: Ok
  Log Messages:
    Program 6vSPYSZAMiHS4M9SKczzWCFmD1qR1wcPME28c7Xm6Ery invoke [1]
    Program log: Instruction: Attack
    Program TokenkegQfeZyiNwAJbNbGKPFXCWuBvf9Ss623VQ5DA invoke [2]
    Program log: Instruction: Transfer
    Program TokenkegQfeZyiNwAJbNbGKPFXCWuBvf9Ss623VQ5DA consumed 4645 of 188993 compute units
    Program TokenkegQfeZyiNwAJbNbGKPFXCWuBvf9Ss623VQ5DA success
    Program TokenkegQfeZyiNwAJbNbGKPFXCWuBvf9Ss623VQ5DA invoke [2]
    Program log: Instruction: Transfer
    Program TokenkegQfeZyiNwAJbNbGKPFXCWuBvf9Ss623VQ5DA consumed 4645 of 182575 compute units
    Program TokenkegQfeZyiNwAJbNbGKPFXCWuBvf9Ss623VQ5DA success
    Program 6vSPYSZAMiHS4M9SKczzWCFmD1qR1wcPME28c7Xm6Ery consumed 23563 of 200000 compute units
    Program 6vSPYSZAMiHS4M9SKczzWCFmD1qR1wcPME28c7Xm6Ery success
Transaction executed in slot 30:
  Signature: 5qSY8bBC4FQSFAQZcJtic8DpejfuzRCh3N3hwSx5bxkiX9K5VqjvpnEpWw6KCufU9e58qqkKzyejbit1MAJobbYp
  Status: Ok
  Log Messages:
    Program 6vSPYSZAMiHS4M9SKczzWCFmD1qR1wcPME28c7Xm6Ery invoke [1]
    Program log: Instruction: Attack
    Program TokenkegQfeZyiNwAJbNbGKPFXCWuBvf9Ss623VQ5DA invoke [2]
    Program log: Instruction: Transfer
    Program TokenkegQfeZyiNwAJbNbGKPFXCWuBvf9Ss623VQ5DA consumed 4645 of 188993 compute units
    Program TokenkegQfeZyiNwAJbNbGKPFXCWuBvf9Ss623VQ5DA success
    Program TokenkegQfeZyiNwAJbNbGKPFXCWuBvf9Ss623VQ5DA invoke [2]
    Program log: Instruction: Transfer
    Program TokenkegQfeZyiNwAJbNbGKPFXCWuBvf9Ss623VQ5DA consumed 4645 of 182575 compute units
    Program TokenkegQfeZyiNwAJbNbGKPFXCWuBvf9Ss623VQ5DA success
    Program 6vSPYSZAMiHS4M9SKczzWCFmD1qR1wcPME28c7Xm6Ery consumed 23563 of 200000 compute units
    Program 6vSPYSZAMiHS4M9SKczzWCFmD1qR1wcPME28c7Xm6Ery success
Transaction executed in slot 30:
  Signature: 3JXoP1WBdZFXWwHk4iznuUzXDdXsPcBB7KvRHCKpTm5usHWtKaEQr9oRcVWVovYpThQqyoGrwXkAH5EXb1DvgzPg
  Status: Error processing Instruction 0: custom program error: 0x177a
  Log Messages:
    Program 6vSPYSZAMiHS4M9SKczzWCFmD1qR1wcPME28c7Xm6Ery invoke [1]
    Program log: Instruction: Attack
    Program log: AnchorError thrown in programs/hot_crown/src/instructions/attack.rs:68. Error Code: TurnRestriction. Error Number: 6010. Error Message: Turn restriction: your side is ahead.
    Program 6vSPYSZAMiHS4M9SKczzWCFmD1qR1wcPME28c7Xm6Ery consumed 11297 of 200000 compute units
    Program 6vSPYSZAMiHS4M9SKczzWCFmD1qR1wcPME28c7Xm6Ery failed: custom program error: 0x177a
Transaction executed in slot 30:
  Signature: 4hBDAusb3WYaQvdryaEAQsHXSPWcV9kU44Tgu6a6LFLqdcdeDH41S2UQU1A7JGfT3CmZwBxEV5J9Uz716HNJXpEL
  Status: Ok
  Log Messages:
    Program 6vSPYSZAMiHS4M9SKczzWCFmD1qR1wcPME28c7Xm6Ery invoke [1]
    Program log: Instruction: Defend
    Program TokenkegQfeZyiNwAJbNbGKPFXCWuBvf9Ss623VQ5DA invoke [2]
    Program log: Instruction: Transfer
    Program TokenkegQfeZyiNwAJbNbGKPFXCWuBvf9Ss623VQ5DA consumed 4645 of 188812 compute units
    Program TokenkegQfeZyiNwAJbNbGKPFXCWuBvf9Ss623VQ5DA success
    Program TokenkegQfeZyiNwAJbNbGKPFXCWuBvf9Ss623VQ5DA invoke [2]
    Program log: Instruction: Transfer
    Program TokenkegQfeZyiNwAJbNbGKPFXCWuBvf9Ss623VQ5DA consumed 4645 of 182394 compute units
    Program TokenkegQfeZyiNwAJbNbGKPFXCWuBvf9Ss623VQ5DA success
    Program 6vSPYSZAMiHS4M9SKczzWCFmD1qR1wcPME28c7Xm6Ery consumed 23743 of 200000 compute units
    Program 6vSPYSZAMiHS4M9SKczzWCFmD1qR1wcPME28c7Xm6Ery success
Transaction executed in slot 31:
  Signature: 4hBDAusb3WYaQvdryaEAQsHXSPWcV9kU44Tgu6a6LFLqdcdeDH41S2UQU1A7JGfT3CmZwBxEV5J9Uz716HNJXpEL
  Status: Ok
  Log Messages:
    Program 6vSPYSZAMiHS4M9SKczzWCFmD1qR1wcPME28c7Xm6Ery invoke [1]
    Program log: Instruction: Defend
    Program TokenkegQfeZyiNwAJbNbGKPFXCWuBvf9Ss623VQ5DA invoke [2]
    Program log: Instruction: Transfer
    Program TokenkegQfeZyiNwAJbNbGKPFXCWuBvf9Ss623VQ5DA consumed 4645 of 188812 compute units
    Program TokenkegQfeZyiNwAJbNbGKPFXCWuBvf9Ss623VQ5DA success
    Program TokenkegQfeZyiNwAJbNbGKPFXCWuBvf9Ss623VQ5DA invoke [2]
    Program log: Instruction: Transfer
    Program TokenkegQfeZyiNwAJbNbGKPFXCWuBvf9Ss623VQ5DA consumed 4645 of 182394 compute units
    Program TokenkegQfeZyiNwAJbNbGKPFXCWuBvf9Ss623VQ5DA success
    Program 6vSPYSZAMiHS4M9SKczzWCFmD1qR1wcPME28c7Xm6Ery consumed 23743 of 200000 compute units
    Program 6vSPYSZAMiHS4M9SKczzWCFmD1qR1wcPME28c7Xm6Ery success
Transaction executed in slot 31:
  Signature: 5uWFJkbNcndBY9B8Bfo1BEXtFdNqvBvgDM6ZeF1P4tX4sz4aHYnQxjDcfdEwNR5nbzTNgoSYzZ9ni7XdvRLScqbh
  Status: Ok
  Log Messages:
    Program 6vSPYSZAMiHS4M9SKczzWCFmD1qR1wcPME28c7Xm6Ery invoke [1]
    Program log: Instruction: Defend
    Program TokenkegQfeZyiNwAJbNbGKPFXCWuBvf9Ss623VQ5DA invoke [2]
    Program log: Instruction: Transfer
    Program TokenkegQfeZyiNwAJbNbGKPFXCWuBvf9Ss623VQ5DA consumed 4645 of 188812 compute units
    Program TokenkegQfeZyiNwAJbNbGKPFXCWuBvf9Ss623VQ5DA success
    Program TokenkegQfeZyiNwAJbNbGKPFXCWuBvf9Ss623VQ5DA invoke [2]
    Program log: Instruction: Transfer
    Program TokenkegQfeZyiNwAJbNbGKPFXCWuBvf9Ss623VQ5DA consumed 4645 of 182394 compute units
    Program TokenkegQfeZyiNwAJbNbGKPFXCWuBvf9Ss623VQ5DA success
    Program 6vSPYSZAMiHS4M9SKczzWCFmD1qR1wcPME28c7Xm6Ery consumed 23743 of 200000 compute units
    Program 6vSPYSZAMiHS4M9SKczzWCFmD1qR1wcPME28c7Xm6Ery success
Transaction executed in slot 32:
  Signature: 5uWFJkbNcndBY9B8Bfo1BEXtFdNqvBvgDM6ZeF1P4tX4sz4aHYnQxjDcfdEwNR5nbzTNgoSYzZ9ni7XdvRLScqbh
  Status: Ok
  Log Messages:
    Program 6vSPYSZAMiHS4M9SKczzWCFmD1qR1wcPME28c7Xm6Ery invoke [1]
    Program log: Instruction: Defend
    Program TokenkegQfeZyiNwAJbNbGKPFXCWuBvf9Ss623VQ5DA invoke [2]
    Program log: Instruction: Transfer
    Program TokenkegQfeZyiNwAJbNbGKPFXCWuBvf9Ss623VQ5DA consumed 4645 of 188812 compute units
    Program TokenkegQfeZyiNwAJbNbGKPFXCWuBvf9Ss623VQ5DA success
    Program TokenkegQfeZyiNwAJbNbGKPFXCWuBvf9Ss623VQ5DA invoke [2]
    Program log: Instruction: Transfer
    Program TokenkegQfeZyiNwAJbNbGKPFXCWuBvf9Ss623VQ5DA consumed 4645 of 182394 compute units
    Program TokenkegQfeZyiNwAJbNbGKPFXCWuBvf9Ss623VQ5DA success
    Program 6vSPYSZAMiHS4M9SKczzWCFmD1qR1wcPME28c7Xm6Ery consumed 23743 of 200000 compute units
    Program 6vSPYSZAMiHS4M9SKczzWCFmD1qR1wcPME28c7Xm6Ery success
Transaction executed in slot 32:
  Signature: 51yM43fHJCM6G2ASLCa2Pq7FEQdoSNxzkCCffTfqYN5AD8uusmqag1sUoQNgaVr1fw7y91Tpgzeku4yLH8ZEaXmd
  Status: Ok
  Log Messages:
    Program 6vSPYSZAMiHS4M9SKczzWCFmD1qR1wcPME28c7Xm6Ery invoke [1]
    Program log: Instruction: Defend
    Program TokenkegQfeZyiNwAJbNbGKPFXCWuBvf9Ss623VQ5DA invoke [2]
    Program log: Instruction: Transfer
    Program TokenkegQfeZyiNwAJbNbGKPFXCWuBvf9Ss623VQ5DA consumed 4645 of 188812 compute units
    Program TokenkegQfeZyiNwAJbNbGKPFXCWuBvf9Ss623VQ5DA success
    Program TokenkegQfeZyiNwAJbNbGKPFXCWuBvf9Ss623VQ5DA invoke [2]
    Program log: Instruction: Transfer
    Program TokenkegQfeZyiNwAJbNbGKPFXCWuBvf9Ss623VQ5DA consumed 4645 of 182394 compute units
    Program TokenkegQfeZyiNwAJbNbGKPFXCWuBvf9Ss623VQ5DA success
    Program 6vSPYSZAMiHS4M9SKczzWCFmD1qR1wcPME28c7Xm6Ery consumed 23743 of 200000 compute units
    Program 6vSPYSZAMiHS4M9SKczzWCFmD1qR1wcPME28c7Xm6Ery success
Transaction executed in slot 33:
  Signature: 51yM43fHJCM6G2ASLCa2Pq7FEQdoSNxzkCCffTfqYN5AD8uusmqag1sUoQNgaVr1fw7y91Tpgzeku4yLH8ZEaXmd
  Status: Ok
  Log Messages:
    Program 6vSPYSZAMiHS4M9SKczzWCFmD1qR1wcPME28c7Xm6Ery invoke [1]
    Program log: Instruction: Defend
    Program TokenkegQfeZyiNwAJbNbGKPFXCWuBvf9Ss623VQ5DA invoke [2]
    Program log: Instruction: Transfer
    Program TokenkegQfeZyiNwAJbNbGKPFXCWuBvf9Ss623VQ5DA consumed 4645 of 188812 compute units
    Program TokenkegQfeZyiNwAJbNbGKPFXCWuBvf9Ss623VQ5DA success
    Program TokenkegQfeZyiNwAJbNbGKPFXCWuBvf9Ss623VQ5DA invoke [2]
    Program log: Instruction: Transfer
    Program TokenkegQfeZyiNwAJbNbGKPFXCWuBvf9Ss623VQ5DA consumed 4645 of 182394 compute units
    Program TokenkegQfeZyiNwAJbNbGKPFXCWuBvf9Ss623VQ5DA success
    Program 6vSPYSZAMiHS4M9SKczzWCFmD1qR1wcPME28c7Xm6Ery consumed 23743 of 200000 compute units
    Program 6vSPYSZAMiHS4M9SKczzWCFmD1qR1wcPME28c7Xm6Ery success
Transaction executed in slot 33:
  Signature: 2v5VPvSt1oqpY3LSEYmK5ntiA1yv1heF5Y9C1Lm5VSYNJdfB55hYqxW7dN39Nt9fQqmvjjvi8DWxPGdVPj4FBkYb
  Status: Error processing Instruction 0: custom program error: 0x177a
  Log Messages:
    Program 6vSPYSZAMiHS4M9SKczzWCFmD1qR1wcPME28c7Xm6Ery invoke [1]
    Program log: Instruction: Defend
    Program log: AnchorError thrown in programs/hot_crown/src/instructions/defend.rs:70. Error Code: TurnRestriction. Error Number: 6010. Error Message: Turn restriction: your side is ahead.
    Program 6vSPYSZAMiHS4M9SKczzWCFmD1qR1wcPME28c7Xm6Ery consumed 11300 of 200000 compute units
    Program 6vSPYSZAMiHS4M9SKczzWCFmD1qR1wcPME28c7Xm6Ery failed: custom program error: 0x177a
Transaction executed in slot 33:
  Signature: 2dp71rHBEK4pyoBKRsxjCbG6aQ1v3dN7yJRxoWGjLSFLhF82PPXxbWNuQ3PgLMjVBX94R5AGYZSKp3fD4PSaoFYm
  Status: Ok
  Log Messages:
    Program 6vSPYSZAMiHS4M9SKczzWCFmD1qR1wcPME28c7Xm6Ery invoke [1]
    Program log: Instruction: Attack
    Program TokenkegQfeZyiNwAJbNbGKPFXCWuBvf9Ss623VQ5DA invoke [2]
    Program log: Instruction: Transfer
    Program TokenkegQfeZyiNwAJbNbGKPFXCWuBvf9Ss623VQ5DA consumed 4645 of 188815 compute units
    Program TokenkegQfeZyiNwAJbNbGKPFXCWuBvf9Ss623VQ5DA success
    Program TokenkegQfeZyiNwAJbNbGKPFXCWuBvf9Ss623VQ5DA invoke [2]
    Program log: Instruction: Transfer
    Program TokenkegQfeZyiNwAJbNbGKPFXCWuBvf9Ss623VQ5DA consumed 4645 of 182397 compute units
    Program TokenkegQfeZyiNwAJbNbGKPFXCWuBvf9Ss623VQ5DA success
    Program 6vSPYSZAMiHS4M9SKczzWCFmD1qR1wcPME28c7Xm6Ery consumed 23741 of 200000 compute units
    Program 6vSPYSZAMiHS4M9SKczzWCFmD1qR1wcPME28c7Xm6Ery success
Transaction executed in slot 34:
  Signature: 2dp71rHBEK4pyoBKRsxjCbG6aQ1v3dN7yJRxoWGjLSFLhF82PPXxbWNuQ3PgLMjVBX94R5AGYZSKp3fD4PSaoFYm
  Status: Ok
  Log Messages:
    Program 6vSPYSZAMiHS4M9SKczzWCFmD1qR1wcPME28c7Xm6Ery invoke [1]
    Program log: Instruction: Attack
    Program TokenkegQfeZyiNwAJbNbGKPFXCWuBvf9Ss623VQ5DA invoke [2]
    Program log: Instruction: Transfer
    Program TokenkegQfeZyiNwAJbNbGKPFXCWuBvf9Ss623VQ5DA consumed 4645 of 188815 compute units
    Program TokenkegQfeZyiNwAJbNbGKPFXCWuBvf9Ss623VQ5DA success
    Program TokenkegQfeZyiNwAJbNbGKPFXCWuBvf9Ss623VQ5DA invoke [2]
    Program log: Instruction: Transfer
    Program TokenkegQfeZyiNwAJbNbGKPFXCWuBvf9Ss623VQ5DA consumed 4645 of 182397 compute units
    Program TokenkegQfeZyiNwAJbNbGKPFXCWuBvf9Ss623VQ5DA success
    Program 6vSPYSZAMiHS4M9SKczzWCFmD1qR1wcPME28c7Xm6Ery consumed 23741 of 200000 compute units
    Program 6vSPYSZAMiHS4M9SKczzWCFmD1qR1wcPME28c7Xm6Ery success
Transaction executed in slot 34:
  Signature: 3KhnBFvhJQj4UYidLozYy9wTFsdbRjGmAsth6GVW7mrcqQ5rmdVgy4ipRy4xpHSPrCdK3JDWMu7DPm5XcqSELdv9
  Status: Error processing Instruction 0: custom program error: 0x1776
  Log Messages:
    Program 6vSPYSZAMiHS4M9SKczzWCFmD1qR1wcPME28c7Xm6Ery invoke [1]
    Program log: Instruction: FinalizeBattle
    Program log: AnchorError thrown in programs/hot_crown/src/instructions/finalize_battle.rs:52. Error Code: BattleNotExpired. Error Number: 6006. Error Message: Battle timer has not expired yet.
    Program 6vSPYSZAMiHS4M9SKczzWCFmD1qR1wcPME28c7Xm6Ery consumed 10498 of 200000 compute units
    Program 6vSPYSZAMiHS4M9SKczzWCFmD1qR1wcPME28c7Xm6Ery failed: custom program error: 0x1776
Transaction executed in slot 41:
  Signature: x1qvaLGLFBmCLZHHwU4Fm5UomoU3qg5rVEunHbGQSKCFYGySRSFgzdauNHt6P6MZeqgTEqDYw5ApZ2kRotZxMUV
  Status: Ok
  Log Messages:
    Program 6vSPYSZAMiHS4M9SKczzWCFmD1qR1wcPME28c7Xm6Ery invoke [1]
    Program log: Instruction: FinalizeBattle
    Program TokenkegQfeZyiNwAJbNbGKPFXCWuBvf9Ss623VQ5DA invoke [2]
    Program log: Instruction: Burn
    Program TokenkegQfeZyiNwAJbNbGKPFXCWuBvf9Ss623VQ5DA consumed 4707 of 189649 compute units
    Program TokenkegQfeZyiNwAJbNbGKPFXCWuBvf9Ss623VQ5DA success
    Program 6vSPYSZAMiHS4M9SKczzWCFmD1qR1wcPME28c7Xm6Ery consumed 16328 of 200000 compute units
    Program 6vSPYSZAMiHS4M9SKczzWCFmD1qR1wcPME28c7Xm6Ery success
Transaction executed in slot 41:
  Signature: 3m4WsbB5e5BfmWVnqk15xiyzioDVzZWAodHH6xmDCWB8sBSM6A4B8B4mGEGasZbooLKG8dJYzznPmjLtcFsuaRcJ
  Status: Ok
  Log Messages:
    Program 6vSPYSZAMiHS4M9SKczzWCFmD1qR1wcPME28c7Xm6Ery invoke [1]
    Program log: Instruction: PlaceThroneBid
    Program TokenkegQfeZyiNwAJbNbGKPFXCWuBvf9Ss623VQ5DA invoke [2]
    Program log: Instruction: Transfer
    Program TokenkegQfeZyiNwAJbNbGKPFXCWuBvf9Ss623VQ5DA consumed 4645 of 189022 compute units
    Program TokenkegQfeZyiNwAJbNbGKPFXCWuBvf9Ss623VQ5DA success
    Program TokenkegQfeZyiNwAJbNbGKPFXCWuBvf9Ss623VQ5DA invoke [2]
    Program log: Instruction: Burn
    Program TokenkegQfeZyiNwAJbNbGKPFXCWuBvf9Ss623VQ5DA consumed 4707 of 182607 compute units
    Program TokenkegQfeZyiNwAJbNbGKPFXCWuBvf9Ss623VQ5DA success
    Program TokenkegQfeZyiNwAJbNbGKPFXCWuBvf9Ss623VQ5DA invoke [2]
    Program log: Instruction: Transfer
    Program TokenkegQfeZyiNwAJbNbGKPFXCWuBvf9Ss623VQ5DA consumed 4645 of 176128 compute units
    Program TokenkegQfeZyiNwAJbNbGKPFXCWuBvf9Ss623VQ5DA success
    Program 6vSPYSZAMiHS4M9SKczzWCFmD1qR1wcPME28c7Xm6Ery consumed 30011 of 200000 compute units
    Program 6vSPYSZAMiHS4M9SKczzWCFmD1qR1wcPME28c7Xm6Ery success
Transaction executed in slot 42:
  Signature: 3m4WsbB5e5BfmWVnqk15xiyzioDVzZWAodHH6xmDCWB8sBSM6A4B8B4mGEGasZbooLKG8dJYzznPmjLtcFsuaRcJ
  Status: Ok
  Log Messages:
    Program 6vSPYSZAMiHS4M9SKczzWCFmD1qR1wcPME28c7Xm6Ery invoke [1]
    Program log: Instruction: PlaceThroneBid
    Program TokenkegQfeZyiNwAJbNbGKPFXCWuBvf9Ss623VQ5DA invoke [2]
    Program log: Instruction: Transfer
    Program TokenkegQfeZyiNwAJbNbGKPFXCWuBvf9Ss623VQ5DA consumed 4645 of 189022 compute units
    Program TokenkegQfeZyiNwAJbNbGKPFXCWuBvf9Ss623VQ5DA success
    Program TokenkegQfeZyiNwAJbNbGKPFXCWuBvf9Ss623VQ5DA invoke [2]
    Program log: Instruction: Burn
    Program TokenkegQfeZyiNwAJbNbGKPFXCWuBvf9Ss623VQ5DA consumed 4707 of 182607 compute units
    Program TokenkegQfeZyiNwAJbNbGKPFXCWuBvf9Ss623VQ5DA success
    Program TokenkegQfeZyiNwAJbNbGKPFXCWuBvf9Ss623VQ5DA invoke [2]
    Program log: Instruction: Transfer
    Program TokenkegQfeZyiNwAJbNbGKPFXCWuBvf9Ss623VQ5DA consumed 4645 of 176128 compute units
    Program TokenkegQfeZyiNwAJbNbGKPFXCWuBvf9Ss623VQ5DA success
    Program 6vSPYSZAMiHS4M9SKczzWCFmD1qR1wcPME28c7Xm6Ery consumed 30011 of 200000 compute units
    Program 6vSPYSZAMiHS4M9SKczzWCFmD1qR1wcPME28c7Xm6Ery success
Transaction executed in slot 49:
  Signature: 5AWBssw1yMp4DKopXZw9iQ1FthuU8tDxPeG3GtWvkpMXBdGbMRAYMr4owWGaTwhouS8vUgW9yNXdSv5XwBRXdWc3
  Status: Ok
  Log Messages:
    Program 6vSPYSZAMiHS4M9SKczzWCFmD1qR1wcPME28c7Xm6Ery invoke [1]
    Program log: Instruction: FinalizeKingElection
    Program TokenkegQfeZyiNwAJbNbGKPFXCWuBvf9Ss623VQ5DA invoke [2]
    Program log: Instruction: Transfer
    Program TokenkegQfeZyiNwAJbNbGKPFXCWuBvf9Ss623VQ5DA consumed 4645 of 190311 compute units
    Program TokenkegQfeZyiNwAJbNbGKPFXCWuBvf9Ss623VQ5DA success
    Program 6vSPYSZAMiHS4M9SKczzWCFmD1qR1wcPME28c7Xm6Ery consumed 15569 of 200000 compute units
    Program 6vSPYSZAMiHS4M9SKczzWCFmD1qR1wcPME28c7Xm6Ery success
Transaction executed in slot 49:
  Signature: 3uGErpUofSFqjrkuGbTUWkeRuaCFU3erA6poK6UbGXc92Amr4TmSmXc6TS2MAhudecXqZ5sKrwWshaAjQKdZGy2T
  Status: Ok
  Log Messages:
    Program 6vSPYSZAMiHS4M9SKczzWCFmD1qR1wcPME28c7Xm6Ery invoke [1]
    Program log: Instruction: Attack
    Program TokenkegQfeZyiNwAJbNbGKPFXCWuBvf9Ss623VQ5DA invoke [2]
    Program log: Instruction: Transfer
    Program TokenkegQfeZyiNwAJbNbGKPFXCWuBvf9Ss623VQ5DA consumed 4645 of 188993 compute units
    Program TokenkegQfeZyiNwAJbNbGKPFXCWuBvf9Ss623VQ5DA success
    Program TokenkegQfeZyiNwAJbNbGKPFXCWuBvf9Ss623VQ5DA invoke [2]
    Program log: Instruction: Transfer
    Program TokenkegQfeZyiNwAJbNbGKPFXCWuBvf9Ss623VQ5DA consumed 4645 of 182575 compute units
    Program TokenkegQfeZyiNwAJbNbGKPFXCWuBvf9Ss623VQ5DA success
    Program 6vSPYSZAMiHS4M9SKczzWCFmD1qR1wcPME28c7Xm6Ery consumed 23563 of 200000 compute units
    Program 6vSPYSZAMiHS4M9SKczzWCFmD1qR1wcPME28c7Xm6Ery success
Transaction executed in slot 50:
  Signature: 3uGErpUofSFqjrkuGbTUWkeRuaCFU3erA6poK6UbGXc92Amr4TmSmXc6TS2MAhudecXqZ5sKrwWshaAjQKdZGy2T
  Status: Ok
  Log Messages:
    Program 6vSPYSZAMiHS4M9SKczzWCFmD1qR1wcPME28c7Xm6Ery invoke [1]
    Program log: Instruction: Attack
    Program TokenkegQfeZyiNwAJbNbGKPFXCWuBvf9Ss623VQ5DA invoke [2]
    Program log: Instruction: Transfer
    Program TokenkegQfeZyiNwAJbNbGKPFXCWuBvf9Ss623VQ5DA consumed 4645 of 188993 compute units
    Program TokenkegQfeZyiNwAJbNbGKPFXCWuBvf9Ss623VQ5DA success
    Program TokenkegQfeZyiNwAJbNbGKPFXCWuBvf9Ss623VQ5DA invoke [2]
    Program log: Instruction: Transfer
    Program TokenkegQfeZyiNwAJbNbGKPFXCWuBvf9Ss623VQ5DA consumed 4645 of 182575 compute units
    Program TokenkegQfeZyiNwAJbNbGKPFXCWuBvf9Ss623VQ5DA success
    Program 6vSPYSZAMiHS4M9SKczzWCFmD1qR1wcPME28c7Xm6Ery consumed 23563 of 200000 compute units
    Program 6vSPYSZAMiHS4M9SKczzWCFmD1qR1wcPME28c7Xm6Ery success
Transaction executed in slot 50:
  Signature: JWbXjCVviFPq5jTgarenQFdApHo6uQegx8sZisfaRTn5DXg1u5fjMQvutaQ1eeBHKN2oGg3BdhAE7JhvQ5NCfgE
  Status: Ok
  Log Messages:
    Program 6vSPYSZAMiHS4M9SKczzWCFmD1qR1wcPME28c7Xm6Ery invoke [1]
    Program log: Instruction: Defend
    Program TokenkegQfeZyiNwAJbNbGKPFXCWuBvf9Ss623VQ5DA invoke [2]
    Program log: Instruction: Transfer
    Program TokenkegQfeZyiNwAJbNbGKPFXCWuBvf9Ss623VQ5DA consumed 4645 of 188812 compute units
    Program TokenkegQfeZyiNwAJbNbGKPFXCWuBvf9Ss623VQ5DA success
    Program TokenkegQfeZyiNwAJbNbGKPFXCWuBvf9Ss623VQ5DA invoke [2]
    Program log: Instruction: Transfer
    Program TokenkegQfeZyiNwAJbNbGKPFXCWuBvf9Ss623VQ5DA consumed 4645 of 182394 compute units
    Program TokenkegQfeZyiNwAJbNbGKPFXCWuBvf9Ss623VQ5DA success
    Program 6vSPYSZAMiHS4M9SKczzWCFmD1qR1wcPME28c7Xm6Ery consumed 23743 of 200000 compute units
    Program 6vSPYSZAMiHS4M9SKczzWCFmD1qR1wcPME28c7Xm6Ery success
Transaction executed in slot 51:
  Signature: JWbXjCVviFPq5jTgarenQFdApHo6uQegx8sZisfaRTn5DXg1u5fjMQvutaQ1eeBHKN2oGg3BdhAE7JhvQ5NCfgE
  Status: Ok
  Log Messages:
    Program 6vSPYSZAMiHS4M9SKczzWCFmD1qR1wcPME28c7Xm6Ery invoke [1]
    Program log: Instruction: Defend
    Program TokenkegQfeZyiNwAJbNbGKPFXCWuBvf9Ss623VQ5DA invoke [2]
    Program log: Instruction: Transfer
    Program TokenkegQfeZyiNwAJbNbGKPFXCWuBvf9Ss623VQ5DA consumed 4645 of 188812 compute units
    Program TokenkegQfeZyiNwAJbNbGKPFXCWuBvf9Ss623VQ5DA success
    Program TokenkegQfeZyiNwAJbNbGKPFXCWuBvf9Ss623VQ5DA invoke [2]
    Program log: Instruction: Transfer
    Program TokenkegQfeZyiNwAJbNbGKPFXCWuBvf9Ss623VQ5DA consumed 4645 of 182394 compute units
    Program TokenkegQfeZyiNwAJbNbGKPFXCWuBvf9Ss623VQ5DA success
    Program 6vSPYSZAMiHS4M9SKczzWCFmD1qR1wcPME28c7Xm6Ery consumed 23743 of 200000 compute units
    Program 6vSPYSZAMiHS4M9SKczzWCFmD1qR1wcPME28c7Xm6Ery success
Transaction executed in slot 58:
  Signature: 4dVDJiQYcpGhyjeGZ7rw4BZ1LEKUMRd4odffpmWN5c49mbDoibJFGCAsjQ1YmRDxzekYuv8BeMMGCfRJzLRtsvdk
  Status: Ok
  Log Messages:
    Program 6vSPYSZAMiHS4M9SKczzWCFmD1qR1wcPME28c7Xm6Ery invoke [1]
    Program log: Instruction: FinalizeBattle
    Program TokenkegQfeZyiNwAJbNbGKPFXCWuBvf9Ss623VQ5DA invoke [2]
    Program log: Instruction: Transfer
    Program TokenkegQfeZyiNwAJbNbGKPFXCWuBvf9Ss623VQ5DA consumed 4645 of 189645 compute units
    Program TokenkegQfeZyiNwAJbNbGKPFXCWuBvf9Ss623VQ5DA success
    Program TokenkegQfeZyiNwAJbNbGKPFXCWuBvf9Ss623VQ5DA invoke [2]
    Program log: Instruction: Burn
    Program TokenkegQfeZyiNwAJbNbGKPFXCWuBvf9Ss623VQ5DA consumed 4707 of 183226 compute units
    Program TokenkegQfeZyiNwAJbNbGKPFXCWuBvf9Ss623VQ5DA success
    Program 6vSPYSZAMiHS4M9SKczzWCFmD1qR1wcPME28c7Xm6Ery consumed 22742 of 200000 compute units
    Program 6vSPYSZAMiHS4M9SKczzWCFmD1qR1wcPME28c7Xm6Ery success
Transaction executed in slot 58:
  Signature: 5MCdRucbckhZyhRxVzzJJ21xiGhbDEFUzh7G853RN7HJGuMbQXinU6gN9QZL7WFn8NcCVcefBQZf7AykWDTYRCqd
  Status: Error processing Instruction 0: custom program error: 0x1771
  Log Messages:
    Program 6vSPYSZAMiHS4M9SKczzWCFmD1qR1wcPME28c7Xm6Ery invoke [1]
    Program log: Instruction: PlaceThroneBid
    Program log: AnchorError thrown in programs/hot_crown/src/instructions/place_throne_bid.rs:59. Error Code: InvalidPhase. Error Number: 6001. Error Message: Invalid game phase for this action.
    Program 6vSPYSZAMiHS4M9SKczzWCFmD1qR1wcPME28c7Xm6Ery consumed 11085 of 200000 compute units
    Program 6vSPYSZAMiHS4M9SKczzWCFmD1qR1wcPME28c7Xm6Ery failed: custom program error: 0x1771
Transaction executed in slot 58:
  Signature: z4zxifxduwttFXa5wVzoCwFPbPWYN2aoCiB4qDEpHvUnv5wPHSNfExspUPPG5VCgnCHbNybmLreb9WGmpSU7b6b
  Status: Error processing Instruction 0: custom program error: 0x1778
  Log Messages:
    Program 6vSPYSZAMiHS4M9SKczzWCFmD1qR1wcPME28c7Xm6Ery invoke [1]
    Program log: Instruction: FinalizeBattle
    Program log: AnchorError thrown in programs/hot_crown/src/instructions/finalize_battle.rs:48. Error Code: NoBattle. Error Number: 6008. Error Message: No active battle.
    Program 6vSPYSZAMiHS4M9SKczzWCFmD1qR1wcPME28c7Xm6Ery consumed 10299 of 200000 compute units
    Program 6vSPYSZAMiHS4M9SKczzWCFmD1qR1wcPME28c7Xm6Ery failed: custom program error: 0x1778
